dune exec test/interpret.exe 1000 examples/geometric.probaml

22391
31117
37732
53718
124126
308398
13615
288824
186291
171146
56777
60809
75013
20879
68407
191531
171436
7684
93771
91848
100087
94129
66452
8423
89760
192007
33733
52364
101693
161235
57644
43308
40267
27846
12874
583007
94438
75433
5216
3236
4222
59086
179587
79594
105468
70685
39260
170081
62810
98404
86802
129495
21135
122302
214874
233724
93161
83121
7959
109414
81566
71327
194843
140412
20255
98458
115981
266614
5505
68136
250630
166853
127522
88573
216635
147812
26750
74351
108984
404129
570277
35626
175713
87099
282965
113437
49431
293620
46121
261533
515552
110451
3277
134198
63972
246287
125806
66122
94699
19047
55819
121713
25533
286198
456613
30434
209903
106708
91495
127854
29680
363327
14209
112103
93583
52712
292521
101596
183599
95709
37298
14812
93474
83086
71148
12693
31800
57834
15633
43355
23629
14441
322733
53158
17928
25435
20098
265177
32282
63564
36551
194609
202535
53448
2337
13837
18936
43200
31305
75745
17581
43143
1202
13366
153762
29845
24201
241994
47237
239467
46775
244944
88574
120858
431488
143555
18563
71908
50162
53929
67636
7112
43086
84451
8596
88285
11966
15723
86171
163767
270329
156759
37455
2739
25449
408731
101957
101715
922
17476
175009
2774
3534
95957
74461
321272
19215
7065
179071
6667
47146
20215
225320
281708
71276
70112
94137
107996
135229
20175
13181
3587
6178
254206
77998
59515
100937
56034
92819
127690
568979
3140
17457
116250
181721
79430
168642
52676
262935
114996
135153
100007
95951
32381
207754
64701
142445
68857
60160
12333
60564
302283
53354
192629
59768
81131
280215
69956
153070
48537
105211
41765
13769
63679
239838
21740
67124
51565
23518
32498
102113
300741
35390
84028
78178
30741
396126
143607
30292
19516
62773
32478
91452
132902
20259
23434
18339
39429
36081
30781
1667
37497
75398
172126
296662
20605
48534
32855
107204
109060
167256
25623
391018
158840
110531
14976
42358
60492
13288
78191
183391
197198
77736
17582
230035
354439
76529
78944
32008
37803
76027
152519
37692
293827
266
255771
23110
68811
5179
47836
54800
17526
3264
114956
60647
31282
16543
515377
93722
45755
67779
69953
109288
111551
33344
177501
127938
34763
26655
26650
77178
5890
88262
16016
14615
55098
80343
66684
21344
54188
1941
199705
152472
15064
117861
51952
82493
192341
3592
417339
161312
342109
68621
13759
104232
12312
31931
161348
29767
93156
69157
146243
17910
176850
44799
166608
57884
69395
52101
13627
10624
169459
165463
8483
319043
109258
70094
180713
113330
80994
164315
64268
16071
142331
74674
12930
114221
15252
12629
154857
74078
92751
300573
27109
72779
22783
73279
9779
295655
17541
16912
67650
130884
668621
48421
55025
88151
70387
299043
191449
45362
105242
25927
11106
206013
47481
10112
36278
13791
38165
263491
43032
271106
63417
240412
15523
155518
26860
64163
11469
1206
105746
391417
108475
459547
74909
132670
72064
111348
144585
162337
107076
4284
261690
76888
91376
38438
101959
44865
84194
26671
632314
59886
793609
43234
116093
8211
3052
10735
356215
136176
470435
84830
86460
103636
132700
26457
39254
34361
220344
12004
264886
258509
12035
22787
41655
329910
18792
86608
114016
129805
176109
27266
6161
174709
42889
194209
62934
17995
36766
9759
9273
46577
190321
6950
91915
17220
160358
60380
92664
15797
43379
89141
172167
69799
93588
52997
28087
66969
32292
179502
103727
128874
98702
118504
19981
139708
7513
6874
6864
140907
2136
72694
230178
27148
121458
141764
65849
142
32844
14683
7178
120078
101776
133912
72204
17445
179939
37451
22324
25164
6030
20181
305976
202079
9897
10905
357863
52720
98383
62005
43600
7261
103648
1753
196288
86761
181802
147131
182321
106831
265277
111183
20557
160253
154608
90187
72446
64090
14311
18508
224714
41746
4414
117395
62224
49496
3627
44974
81772
27035
153917
44594
123492
53447
134779
103067
66011
70404
140610
9465
251744
115362
225328
117347
158695
342332
380058
124522
20138
111492
35062
11454
13390
264555
182965
265385
162623
4327
65242
110536
111895
148976
116685
21119
17936
239948
88661
56668
58297
73237
43003
19067
92987
289
208297
61383
119837
100663
309030
103540
189958
74480
47976
50494
21903
45639
6083
15165
142103
81375
9560
36039
143490
87348
304548
36995
5073
180843
11116
52977
96958
1272
122743
50448
83220
298312
41570
3065
103757
49301
15906
61895
59276
138350
15941
66308
192912
115095
44128
165291
69689
152125
83967
239875
7543
50593
154796
5505
2357
105565
159702
29736
170272
43536
101904
37481
18689
55964
10155
7569
53135
405149
327411
26507
5991
52860
67063
367753
90340
73265
229737
57129
44739
117618
130362
49433
50488
53820
45211
189148
62275
78217
17071
59480
32261
152508
81017
255574
526738
46714
22586
9365
94139
37537
76691
19517
79179
83965
4012
190613
18948
19161
34411
3988
74416
49783
201259
187052
18943
70825
37154
57072
95636
55607
123542
9577
206924
505320
39016
1258
24772
15787
6171
257903
92056
33053
39413
183268
88633
51876
12278
19027
58120
69156
5697
40009
89452
289190
50759
497509
19793
32822
307290
26654
55149
63359
180815
150990
32829
8764
54729
34264
74877
175879
31583
1984
10298
43809
115937
141414
69627
138495
54984
39415
32549
130994
32514
76803
39664
8691
71946
9874
126434
44484
96270
78254
506484
100705
146725
14153
106883
84349
101725
129697
404285
15809
270611
201432
12697
117965
90242
46792
99370
82258
72559
136735
51356
67437
139727
101614
23854
83962
160524
234312
6183
288274
51941
20337
129767
119585
497258
51730
9761
18473
10765
39416
83702
42479
1207
47655
66642
109861
160168
5389
68970
154699
108712
85011
67297
24760
63473
62508
64515
73260
58154
363990
60112
166192
145373
48275
31822
396393
106580
4857
189892
133472
211687
15600
68979
28799
111936
16863
46614
380382
5842
17989
71330
111598
77391
152295
69123
8601
99046
447035
362886
28410
30011
155801
31346
129242
133752
96515
6995
40509
186181
90194
81004
81381
179233
82512
409162
27330
31070
44183
100326
35014
4090
106311
158929
101401
17154
131430
104413
67308
346
84396
144333
36282
189150
260655
184997
206642
2348
95302
50917
47804
17974
97489
59897
153426
36369
66977
65990
124407
142574
62455
58573
75282
53505
297263
84405
42901
40431
47744
29647
11711
108467
19187
18589
271598
68601
34892
202611
142854
30450
83212
13560
30439
77141
145694
6728
160789
71658
65322
225896
7585
53591
109988
163214
219919
17148
33161
92877
21665
55032
19499
31612
127071
110014
